<?xml version="1.0" encoding="UTF-8"?>
<!-- Generated by org.testng.reporters.JUnitXMLReporter -->
<testsuite ignored="0" hostname="DESKTOP-47QJ5KT" failures="0" tests="4" name="TestCreationAndReceiptMessage" time="256.123" errors="0" timestamp="2022-11-21T09:02:11 UZT">
  <testcase classname="com.epam.ta.test.TestCreationAndReceiptMessage" name="emailIsSent" time="64.991"/>
  <testcase classname="com.epam.ta.test.TestCreationAndReceiptMessage" name="isEmailArrived" time="46.562"/>
  <testcase classname="com.epam.ta.test.TestCreationAndReceiptMessage" name="isSenderAddressCorrect" time="45.962"/>
  <testcase classname="com.epam.ta.test.TestCreationAndReceiptMessage" name="isTextMessageCorrect" time="60.333"/>
</testsuite> <!-- TestCreationAndReceiptMessage -->
