<?xml version="1.0" encoding="UTF-8"?>
<testng-results ignored="0" total="4" passed="4" failed="0" skipped="0">
  <reporter-output>
  </reporter-output>
  <suite started-at="2022-11-21T08:57:55 UZT" name="TestCreationAndReceiptMessage" finished-at="2022-11-21T09:02:11 UZT" duration-ms="256123">
    <groups>
    </groups>
    <test started-at="2022-11-21T08:57:55 UZT" name="TestCreationAndReceiptMessage" finished-at="2022-11-21T09:02:11 UZT" duration-ms="256123">
      <class name="com.epam.ta.test.TestCreationAndReceiptMessage">
        <test-method is-config="true" signature="setDriver()[pri:0, instance:com.epam.ta.test.TestCreationAndReceiptMessage@3c130745]" started-at="2022-11-21T08:57:55 UZT" name="setDriver" finished-at="2022-11-21T08:58:09 UZT" duration-ms="14278" status="PASS">
          <reporter-output>
          </reporter-output>
        </test-method> <!-- setDriver -->
        <test-method signature="emailIsSent()[pri:0, instance:com.epam.ta.test.TestCreationAndReceiptMessage@3c130745]" started-at="2022-11-21T08:58:09 UZT" name="emailIsSent" finished-at="2022-11-21T08:59:14 UZT" duration-ms="64991" status="PASS">
          <reporter-output>
          </reporter-output>
        </test-method> <!-- emailIsSent -->
        <test-method is-config="true" signature="stopBrowser()[pri:0, instance:com.epam.ta.test.TestCreationAndReceiptMessage@3c130745]" started-at="2022-11-21T08:59:14 UZT" name="stopBrowser" finished-at="2022-11-21T08:59:17 UZT" duration-ms="2531" status="PASS">
          <reporter-output>
          </reporter-output>
        </test-method> <!-- stopBrowser -->
        <test-method is-config="true" signature="setDriver()[pri:0, instance:com.epam.ta.test.TestCreationAndReceiptMessage@3c130745]" started-at="2022-11-21T08:59:17 UZT" name="setDriver" finished-at="2022-11-21T08:59:22 UZT" duration-ms="5003" status="PASS">
          <reporter-output>
          </reporter-output>
        </test-method> <!-- setDriver -->
        <test-method signature="isEmailArrived()[pri:0, instance:com.epam.ta.test.TestCreationAndReceiptMessage@3c130745]" started-at="2022-11-21T08:59:22 UZT" name="isEmailArrived" finished-at="2022-11-21T09:00:08 UZT" duration-ms="46562" status="PASS">
          <reporter-output>
          </reporter-output>
        </test-method> <!-- isEmailArrived -->
        <test-method is-config="true" signature="stopBrowser()[pri:0, instance:com.epam.ta.test.TestCreationAndReceiptMessage@3c130745]" started-at="2022-11-21T09:00:08 UZT" name="stopBrowser" finished-at="2022-11-21T09:00:10 UZT" duration-ms="1863" status="PASS">
          <reporter-output>
          </reporter-output>
        </test-method> <!-- stopBrowser -->
        <test-method is-config="true" signature="setDriver()[pri:0, instance:com.epam.ta.test.TestCreationAndReceiptMessage@3c130745]" started-at="2022-11-21T09:00:10 UZT" name="setDriver" finished-at="2022-11-21T09:00:15 UZT" duration-ms="4985" status="PASS">
          <reporter-output>
          </reporter-output>
        </test-method> <!-- setDriver -->
        <test-method signature="isSenderAddressCorrect()[pri:0, instance:com.epam.ta.test.TestCreationAndReceiptMessage@3c130745]" started-at="2022-11-21T09:00:15 UZT" name="isSenderAddressCorrect" finished-at="2022-11-21T09:01:01 UZT" duration-ms="45962" status="PASS">
          <reporter-output>
          </reporter-output>
        </test-method> <!-- isSenderAddressCorrect -->
        <test-method is-config="true" signature="stopBrowser()[pri:0, instance:com.epam.ta.test.TestCreationAndReceiptMessage@3c130745]" started-at="2022-11-21T09:01:01 UZT" name="stopBrowser" finished-at="2022-11-21T09:01:03 UZT" duration-ms="2204" status="PASS">
          <reporter-output>
          </reporter-output>
        </test-method> <!-- stopBrowser -->
        <test-method is-config="true" signature="setDriver()[pri:0, instance:com.epam.ta.test.TestCreationAndReceiptMessage@3c130745]" started-at="2022-11-21T09:01:03 UZT" name="setDriver" finished-at="2022-11-21T09:01:09 UZT" duration-ms="5353" status="PASS">
          <reporter-output>
          </reporter-output>
        </test-method> <!-- setDriver -->
        <test-method signature="isTextMessageCorrect()[pri:0, instance:com.epam.ta.test.TestCreationAndReceiptMessage@3c130745]" started-at="2022-11-21T09:01:09 UZT" name="isTextMessageCorrect" finished-at="2022-11-21T09:02:09 UZT" duration-ms="60333" status="PASS">
          <reporter-output>
          </reporter-output>
        </test-method> <!-- isTextMessageCorrect -->
        <test-method is-config="true" signature="stopBrowser()[pri:0, instance:com.epam.ta.test.TestCreationAndReceiptMessage@3c130745]" started-at="2022-11-21T09:02:09 UZT" name="stopBrowser" finished-at="2022-11-21T09:02:11 UZT" duration-ms="1767" status="PASS">
          <reporter-output>
          </reporter-output>
        </test-method> <!-- stopBrowser -->
      </class> <!-- com.epam.ta.test.TestCreationAndReceiptMessage -->
    </test> <!-- TestCreationAndReceiptMessage -->
  </suite> <!-- TestCreationAndReceiptMessage -->
</testng-results>
